<?xml version="1.0" encoding="UTF-8"?>
<!-- Generated by org.testng.reporters.JUnitXMLReporter -->
<testsuite hostname="MAA-5CG6278HV" ignored="0" name="Test" tests="4" failures="0" timestamp="2019-09-29T13:28:01 IST" time="102.361" errors="0">
  <testcase name="loginTestcase" time="15.0" classname="testcases.TC001_LoginLogout"/>
  <testcase name="loginTestcase" time="10.329" classname="testcases.TC001_LoginLogout"/>
  <testcase name="loginTestcase" time="9.79" classname="testcases.TC001_LoginLogout"/>
  <testcase name="loginTestcase" time="9.307" classname="testcases.TC001_LoginLogout"/>
</testsuite> <!-- Test -->
