<?xml version="1.0" encoding="UTF-8"?>
<testng-results skipped="0" failed="0" ignored="0" total="4" passed="4">
  <reporter-output>
  </reporter-output>
  <suite name="Suite" duration-ms="102361" started-at="2019-09-29T13:26:19 IST" finished-at="2019-09-29T13:28:01 IST">
    <groups>
    </groups>
    <test name="Test" duration-ms="102361" started-at="2019-09-29T13:26:19 IST" finished-at="2019-09-29T13:28:01 IST">
      <class name="testcases.TC001_LoginLogout">
        <test-method status="PASS" signature="setData()[pri:0, instance:testcases.TC001_LoginLogout@707e36]" name="setData" is-config="true" duration-ms="45" started-at="2019-09-29T13:26:19 IST" finished-at="2019-09-29T13:26:19 IST">
          <reporter-output>
          </reporter-output>
        </test-method> <!-- setData -->
        <test-method status="PASS" signature="startApp(java.lang.String)[pri:0, instance:testcases.TC001_LoginLogout@707e36]" name="startApp" is-config="true" duration-ms="26689" started-at="2019-09-29T13:26:20 IST" finished-at="2019-09-29T13:26:46 IST">
          <params>
            <param index="0">
              <value>
                <![CDATA[http://leaftaps.com/opentaps]]>
              </value>
            </param>
          </params>
          <reporter-output>
          </reporter-output>
        </test-method> <!-- startApp -->
        <test-method status="PASS" signature="loginTestcase(java.lang.String, java.lang.String, java.lang.String, java.lang.String, java.lang.String)[pri:0, instance:testcases.TC001_LoginLogout@707e36]" name="loginTestcase" duration-ms="15000" started-at="2019-09-29T13:26:46 IST" data-provider="fetchData" finished-at="2019-09-29T13:27:01 IST">
          <params>
            <param index="0">
              <value>
                <![CDATA[Demosalesmanager 1]]>
              </value>
            </param>
            <param index="1">
              <value>
                <![CDATA[crmsfa]]>
              </value>
            </param>
            <param index="2">
              <value>
                <![CDATA[kid]]>
              </value>
            </param>
            <param index="3">
              <value>
                <![CDATA[Demosalesmanager]]>
              </value>
            </param>
            <param index="4">
              <value>
                <![CDATA[crmsfa]]>
              </value>
            </param>
          </params>
          <reporter-output>
          </reporter-output>
        </test-method> <!-- loginTestcase -->
        <test-method status="PASS" signature="closeApp()[pri:0, instance:testcases.TC001_LoginLogout@707e36]" name="closeApp" is-config="true" duration-ms="2195" started-at="2019-09-29T13:27:01 IST" finished-at="2019-09-29T13:27:03 IST">
          <reporter-output>
          </reporter-output>
        </test-method> <!-- closeApp -->
        <test-method status="PASS" signature="startApp(java.lang.String)[pri:0, instance:testcases.TC001_LoginLogout@707e36]" name="startApp" is-config="true" duration-ms="7414" started-at="2019-09-29T13:27:03 IST" finished-at="2019-09-29T13:27:11 IST">
          <params>
            <param index="0">
              <value>
                <![CDATA[http://leaftaps.com/opentaps]]>
              </value>
            </param>
          </params>
          <reporter-output>
          </reporter-output>
        </test-method> <!-- startApp -->
        <test-method status="PASS" signature="loginTestcase(java.lang.String, java.lang.String, java.lang.String, java.lang.String, java.lang.String)[pri:0, instance:testcases.TC001_LoginLogout@707e36]" name="loginTestcase" duration-ms="10329" started-at="2019-09-29T13:27:11 IST" data-provider="fetchData" finished-at="2019-09-29T13:27:21 IST">
          <params>
            <param index="0">
              <value>
                <![CDATA[DemoCSR 2]]>
              </value>
            </param>
            <param index="1">
              <value>
                <![CDATA[crmsfa]]>
              </value>
            </param>
            <param index="2">
              <value>
                <![CDATA[kin]]>
              </value>
            </param>
            <param index="3">
              <value>
                <![CDATA[DemoCSR]]>
              </value>
            </param>
            <param index="4">
              <value>
                <![CDATA[crmsfa]]>
              </value>
            </param>
          </params>
          <reporter-output>
          </reporter-output>
        </test-method> <!-- loginTestcase -->
        <test-method status="PASS" signature="closeApp()[pri:0, instance:testcases.TC001_LoginLogout@707e36]" name="closeApp" is-config="true" duration-ms="2268" started-at="2019-09-29T13:27:21 IST" finished-at="2019-09-29T13:27:23 IST">
          <reporter-output>
          </reporter-output>
        </test-method> <!-- closeApp -->
        <test-method status="PASS" signature="startApp(java.lang.String)[pri:0, instance:testcases.TC001_LoginLogout@707e36]" name="startApp" is-config="true" duration-ms="6786" started-at="2019-09-29T13:27:23 IST" finished-at="2019-09-29T13:27:30 IST">
          <params>
            <param index="0">
              <value>
                <![CDATA[http://leaftaps.com/opentaps]]>
              </value>
            </param>
          </params>
          <reporter-output>
          </reporter-output>
        </test-method> <!-- startApp -->
        <test-method status="PASS" signature="loginTestcase(java.lang.String, java.lang.String, java.lang.String, java.lang.String, java.lang.String)[pri:0, instance:testcases.TC001_LoginLogout@707e36]" name="loginTestcase" duration-ms="9790" started-at="2019-09-29T13:27:30 IST" data-provider="fetchData" finished-at="2019-09-29T13:27:40 IST">
          <params>
            <param index="0">
              <value>
                <![CDATA[DemoCSR 3]]>
              </value>
            </param>
            <param index="1">
              <value>
                <![CDATA[crmsfa]]>
              </value>
            </param>
            <param index="2">
              <value>
                <![CDATA[kin]]>
              </value>
            </param>
            <param index="3">
              <value>
                <![CDATA[Demosalesmanager]]>
              </value>
            </param>
            <param index="4">
              <value>
                <![CDATA[crmsfa]]>
              </value>
            </param>
          </params>
          <reporter-output>
          </reporter-output>
        </test-method> <!-- loginTestcase -->
        <test-method status="PASS" signature="closeApp()[pri:0, instance:testcases.TC001_LoginLogout@707e36]" name="closeApp" is-config="true" duration-ms="2208" started-at="2019-09-29T13:27:40 IST" finished-at="2019-09-29T13:27:42 IST">
          <reporter-output>
          </reporter-output>
        </test-method> <!-- closeApp -->
        <test-method status="PASS" signature="startApp(java.lang.String)[pri:0, instance:testcases.TC001_LoginLogout@707e36]" name="startApp" is-config="true" duration-ms="7391" started-at="2019-09-29T13:27:42 IST" finished-at="2019-09-29T13:27:50 IST">
          <params>
            <param index="0">
              <value>
                <![CDATA[http://leaftaps.com/opentaps]]>
              </value>
            </param>
          </params>
          <reporter-output>
          </reporter-output>
        </test-method> <!-- startApp -->
        <test-method status="PASS" signature="loginTestcase(java.lang.String, java.lang.String, java.lang.String, java.lang.String, java.lang.String)[pri:0, instance:testcases.TC001_LoginLogout@707e36]" name="loginTestcase" duration-ms="9307" started-at="2019-09-29T13:27:50 IST" data-provider="fetchData" finished-at="2019-09-29T13:27:59 IST">
          <params>
            <param index="0">
              <value>
                <![CDATA[DemoCSR 4]]>
              </value>
            </param>
            <param index="1">
              <value>
                <![CDATA[crmsfa]]>
              </value>
            </param>
            <param index="2">
              <value>
                <![CDATA[kin]]>
              </value>
            </param>
            <param index="3">
              <value>
                <![CDATA[DemoCSR]]>
              </value>
            </param>
            <param index="4">
              <value>
                <![CDATA[crmsfa]]>
              </value>
            </param>
          </params>
          <reporter-output>
          </reporter-output>
        </test-method> <!-- loginTestcase -->
        <test-method status="PASS" signature="closeApp()[pri:0, instance:testcases.TC001_LoginLogout@707e36]" name="closeApp" is-config="true" duration-ms="2191" started-at="2019-09-29T13:27:59 IST" finished-at="2019-09-29T13:28:01 IST">
          <reporter-output>
          </reporter-output>
        </test-method> <!-- closeApp -->
      </class> <!-- testcases.TC001_LoginLogout -->
    </test> <!-- Test -->
  </suite> <!-- Suite -->
</testng-results>
